<?xml version="1.0" encoding="UTF-8"?>
<!-- Generated by org.testng.reporters.JUnitReportReporter -->
<testsuite name="com.redbus.testCases.Extent1" tests="1" time="5.038" ignored="0" failures="0" timestamp="17 May 2017 06:15:18 GMT" skipped="0" hostname="DESKTOP-GBQT2QC" errors="0">
  <testcase name="extentReport" time="5.038" classname="com.redbus.testCases.Extent1"/>
</testsuite> <!-- com.redbus.testCases.Extent1 -->
