<?xml version="1.0" encoding="UTF-8"?>
<!-- Generated by org.testng.reporters.JUnitReportReporter -->
<testsuite name="com.jyoti.theOnlineDrugstore.testcases.AddGiftCertificate" tests="1" time="58.722" ignored="0" failures="0" timestamp="30 Mar 2017 04:42:27 GMT" skipped="0" hostname="DESKTOP-GBQT2QC" errors="0">
  <testcase name="clickMainLink" time="58.722" classname="com.jyoti.theOnlineDrugstore.testcases.AddGiftCertificate"/>
</testsuite> <!-- com.jyoti.theOnlineDrugstore.testcases.AddGiftCertificate -->
