<?xml version="1.0" encoding="UTF-8"?>
<!-- Generated by org.testng.reporters.JUnitReportReporter -->
<testsuite name="monster.update.testCases.Login_Mon" tests="1" time="54.962" ignored="0" failures="0" timestamp="29 Mar 2017 02:49:08 GMT" skipped="0" hostname="DESKTOP-GBQT2QC" errors="0">
  <testcase name="login" time="54.962" classname="monster.update.testCases.Login_Mon"/>
</testsuite> <!-- monster.update.testCases.Login_Mon -->
