<?xml version="1.0" encoding="UTF-8"?>
<!-- Generated by org.testng.reporters.JUnitReportReporter -->
<testsuite name="com.update.testCases.Login_" tests="3" time="25.764" ignored="0" failures="0" timestamp="29 Mar 2017 02:49:08 GMT" skipped="0" hostname="DESKTOP-GBQT2QC" errors="0">
  <testcase name="login__" time="4.304" classname="com.update.testCases.Login_"/>
  <testcase name="upload" time="16.164" classname="com.update.testCases.Login_"/>
  <testcase name="logout" time="5.296" classname="com.update.testCases.Login_"/>
</testsuite> <!-- com.update.testCases.Login_ -->
