<?xml version="1.0" encoding="UTF-8"?>
<!-- Generated by org.testng.reporters.JUnitReportReporter -->
<testsuite name="appium.Appium_1" tests="1" time="0.066" ignored="0" failures="0" timestamp="14 Feb 2017 18:00:14 GMT" skipped="0" hostname="Luckie" errors="0">
  <testcase name="kdsf" time="0.066" classname="appium.Appium_1"/>
</testsuite> <!-- appium.Appium_1 -->
